2019/03/29 - 09:21:27 INFO  zyrs.xyz.obadmin.ObAdminApplication- Starting ObAdminApplication on PC-20190227RWYD with PID 5584 (D:\A_A\ob-admin\target\classes started by Administrator in D:\A_A\ob-admin)
2019/03/29 - 09:21:27 INFO  zyrs.xyz.obadmin.ObAdminApplication- No active profile set, falling back to default profiles: default
2019/03/29 - 09:21:29 INFO  org.springframework.data.repository.config.RepositoryConfigurationDelegate- Multiple Spring Data modules found, entering strict repository configuration mode!
2019/03/29 - 09:21:29 INFO  org.springframework.data.repository.config.RepositoryConfigurationDelegate- Bootstrapping Spring Data repositories in DEFAULT mode.
2019/03/29 - 09:21:29 INFO  org.springframework.data.repository.config.RepositoryConfigurationDelegate- Finished Spring Data repository scanning in 31ms. Found 0 repository interfaces.
2019/03/29 - 09:21:30 INFO  org.springframework.context.support.PostProcessorRegistrationDelegate$BeanPostProcessorChecker- Bean 'shiroConfig' of type [zyrs.xyz.obadmin.config.ShiroConfig$$EnhancerBySpringCGLIB$$51c8a6ae] is not eligible for getting processed by all BeanPostProcessors (for example: not eligible for auto-proxying)
2019/03/29 - 09:21:30 INFO  org.springframework.context.support.PostProcessorRegistrationDelegate$BeanPostProcessorChecker- Bean 'redisConfig' of type [zyrs.xyz.obadmin.config.RedisConfig$$EnhancerBySpringCGLIB$$9c972df8] is not eligible for getting processed by all BeanPostProcessors (for example: not eligible for auto-proxying)
2019/03/29 - 09:21:30 INFO  org.springframework.context.support.PostProcessorRegistrationDelegate$BeanPostProcessorChecker- Bean 'org.springframework.transaction.annotation.ProxyTransactionManagementConfiguration' of type [org.springframework.transaction.annotation.ProxyTransactionManagementConfiguration$$EnhancerBySpringCGLIB$$b5d842cd] is not eligible for getting processed by all BeanPostProcessors (for example: not eligible for auto-proxying)
2019/03/29 - 09:21:30 INFO  org.springframework.context.support.PostProcessorRegistrationDelegate$BeanPostProcessorChecker- Bean 'hashedCredentialsMatcher' of type [org.apache.shiro.authc.credential.HashedCredentialsMatcher] is not eligible for getting processed by all BeanPostProcessors (for example: not eligible for auto-proxying)
2019/03/29 - 09:21:30 INFO  org.springframework.context.support.PostProcessorRegistrationDelegate$BeanPostProcessorChecker- Bean 'mybatis-org.mybatis.spring.boot.autoconfigure.MybatisProperties' of type [org.mybatis.spring.boot.autoconfigure.MybatisProperties] is not eligible for getting processed by all BeanPostProcessors (for example: not eligible for auto-proxying)
2019/03/29 - 09:21:30 INFO  org.springframework.context.support.PostProcessorRegistrationDelegate$BeanPostProcessorChecker- Bean 'pagehelperConfig' of type [zyrs.xyz.obadmin.config.PagehelperConfig$$EnhancerBySpringCGLIB$$25f654c8] is not eligible for getting processed by all BeanPostProcessors (for example: not eligible for auto-proxying)
2019/03/29 - 09:21:30 INFO  org.springframework.context.support.PostProcessorRegistrationDelegate$BeanPostProcessorChecker- Bean 'pageHelper' of type [com.github.pagehelper.PageHelper] is not eligible for getting processed by all BeanPostProcessors (for example: not eligible for auto-proxying)
2019/03/29 - 09:21:30 INFO  org.springframework.context.support.PostProcessorRegistrationDelegate$BeanPostProcessorChecker- Bean 'org.mybatis.spring.boot.autoconfigure.MybatisAutoConfiguration' of type [org.mybatis.spring.boot.autoconfigure.MybatisAutoConfiguration$$EnhancerBySpringCGLIB$$e8ac93fd] is not eligible for getting processed by all BeanPostProcessors (for example: not eligible for auto-proxying)
2019/03/29 - 09:21:30 INFO  org.springframework.context.support.PostProcessorRegistrationDelegate$BeanPostProcessorChecker- Bean 'org.springframework.boot.autoconfigure.jdbc.DataSourceConfiguration$Hikari' of type [org.springframework.boot.autoconfigure.jdbc.DataSourceConfiguration$Hikari] is not eligible for getting processed by all BeanPostProcessors (for example: not eligible for auto-proxying)
2019/03/29 - 09:21:30 INFO  org.springframework.context.support.PostProcessorRegistrationDelegate$BeanPostProcessorChecker- Bean 'spring.datasource-org.springframework.boot.autoconfigure.jdbc.DataSourceProperties' of type [org.springframework.boot.autoconfigure.jdbc.DataSourceProperties] is not eligible for getting processed by all BeanPostProcessors (for example: not eligible for auto-proxying)
2019/03/29 - 09:21:30 INFO  org.springframework.context.support.PostProcessorRegistrationDelegate$BeanPostProcessorChecker- Bean 'dataSource' of type [com.zaxxer.hikari.HikariDataSource] is not eligible for getting processed by all BeanPostProcessors (for example: not eligible for auto-proxying)
2019/03/29 - 09:21:30 INFO  org.springframework.context.support.PostProcessorRegistrationDelegate$BeanPostProcessorChecker- Bean 'org.springframework.boot.autoconfigure.jdbc.DataSourceInitializerInvoker' of type [org.springframework.boot.autoconfigure.jdbc.DataSourceInitializerInvoker] is not eligible for getting processed by all BeanPostProcessors (for example: not eligible for auto-proxying)
2019/03/29 - 09:21:31 INFO  org.springframework.context.support.PostProcessorRegistrationDelegate$BeanPostProcessorChecker- Bean 'sqlSessionFactory' of type [org.apache.ibatis.session.defaults.DefaultSqlSessionFactory] is not eligible for getting processed by all BeanPostProcessors (for example: not eligible for auto-proxying)
2019/03/29 - 09:21:31 INFO  org.springframework.context.support.PostProcessorRegistrationDelegate$BeanPostProcessorChecker- Bean 'sqlSessionTemplate' of type [org.mybatis.spring.SqlSessionTemplate] is not eligible for getting processed by all BeanPostProcessors (for example: not eligible for auto-proxying)
2019/03/29 - 09:21:31 INFO  org.springframework.context.support.PostProcessorRegistrationDelegate$BeanPostProcessorChecker- Bean 'userMapper' of type [org.mybatis.spring.mapper.MapperFactoryBean] is not eligible for getting processed by all BeanPostProcessors (for example: not eligible for auto-proxying)
2019/03/29 - 09:21:31 INFO  org.springframework.context.support.PostProcessorRegistrationDelegate$BeanPostProcessorChecker- Bean 'userMapper' of type [com.sun.proxy.$Proxy57] is not eligible for getting processed by all BeanPostProcessors (for example: not eligible for auto-proxying)
2019/03/29 - 09:21:31 INFO  org.springframework.context.support.PostProcessorRegistrationDelegate$BeanPostProcessorChecker- Bean 'shiroRealm' of type [zyrs.xyz.obadmin.realm.ShiroRealm] is not eligible for getting processed by all BeanPostProcessors (for example: not eligible for auto-proxying)
2019/03/29 - 09:21:31 INFO  org.springframework.context.support.PostProcessorRegistrationDelegate$BeanPostProcessorChecker- Bean 'rememberMeCookie' of type [org.apache.shiro.web.servlet.SimpleCookie] is not eligible for getting processed by all BeanPostProcessors (for example: not eligible for auto-proxying)
2019/03/29 - 09:21:31 INFO  org.springframework.context.support.PostProcessorRegistrationDelegate$BeanPostProcessorChecker- Bean 'rememberMeManager' of type [org.apache.shiro.web.mgt.CookieRememberMeManager] is not eligible for getting processed by all BeanPostProcessors (for example: not eligible for auto-proxying)
2019/03/29 - 09:21:31 INFO  org.springframework.context.support.PostProcessorRegistrationDelegate$BeanPostProcessorChecker- Bean 'securityManager' of type [org.apache.shiro.web.mgt.DefaultWebSecurityManager] is not eligible for getting processed by all BeanPostProcessors (for example: not eligible for auto-proxying)
2019/03/29 - 09:21:32 INFO  org.springframework.boot.web.embedded.tomcat.TomcatWebServer- Tomcat initialized with port(s): 80 (http)
2019/03/29 - 09:21:32 INFO  org.apache.catalina.core.StandardService- Starting service [Tomcat]
2019/03/29 - 09:21:32 INFO  org.apache.catalina.core.StandardEngine- Starting Servlet Engine: Apache Tomcat/9.0.13
2019/03/29 - 09:21:32 INFO  org.apache.catalina.core.AprLifecycleListener- The APR based Apache Tomcat Native library which allows optimal performance in production environments was not found on the java.library.path: [E:\Programming Tools\JAVA\jdk\jre\bin;C:\Windows\Sun\Java\bin;C:\Windows\system32;C:\Windows;C:\Windows\system32;C:\Windows;C:\Windows\System32\Wbem;C:\Windows\System32\WindowsPowerShell\v1.0\;E:\Programming Tools\JAVA\jdk\bin;E:\Programming Tools\JAVA\jdk\jre\bin;;.]
2019/03/29 - 09:21:32 INFO  org.apache.catalina.core.ContainerBase.[Tomcat].[localhost].[/]- Initializing Spring embedded WebApplicationContext
2019/03/29 - 09:21:32 INFO  org.springframework.web.context.ContextLoader- Root WebApplicationContext: initialization completed in 4761 ms
2019/03/29 - 09:21:34 INFO  org.springframework.scheduling.concurrent.ThreadPoolTaskExecutor- Initializing ExecutorService 'applicationTaskExecutor'
2019/03/29 - 09:21:34 INFO  org.springframework.boot.web.embedded.tomcat.TomcatWebServer- Tomcat started on port(s): 80 (http) with context path ''
2019/03/29 - 09:21:34 INFO  zyrs.xyz.obadmin.ObAdminApplication- Started ObAdminApplication in 8.288 seconds (JVM running for 9.238)
2019/03/29 - 09:21:56 INFO  org.apache.catalina.core.ContainerBase.[Tomcat].[localhost].[/]- Initializing Spring DispatcherServlet 'dispatcherServlet'
2019/03/29 - 09:21:56 INFO  org.springframework.web.servlet.DispatcherServlet- Initializing Servlet 'dispatcherServlet'
2019/03/29 - 09:21:56 INFO  org.springframework.web.servlet.DispatcherServlet- Completed initialization in 25 ms
2019/03/29 - 09:21:56 WARN  org.apache.shiro.mgt.AbstractRememberMeManager- There was a failure while trying to retrieve remembered principals.  This could be due to a configuration problem or corrupted principals.  This could also be due to a recently changed encryption key, if you are using a shiro.ini file, this property would be 'securityManager.rememberMeManager.cipherKey' see: http://shiro.apache.org/web.html#Web-RememberMeServices. The remembered identity will be forgotten and not used for this request.
2019/03/29 - 09:21:56 WARN  org.apache.shiro.mgt.DefaultSecurityManager- Delegate RememberMeManager instance of type [org.apache.shiro.web.mgt.CookieRememberMeManager] threw an exception during getRememberedPrincipals().
org.apache.shiro.crypto.CryptoException: Unable to execute 'doFinal' with cipher instance [javax.crypto.Cipher@79b08ec0].
	at org.apache.shiro.crypto.JcaCipherService.crypt(JcaCipherService.java:462)
	at org.apache.shiro.crypto.JcaCipherService.crypt(JcaCipherService.java:445)
	at org.apache.shiro.crypto.JcaCipherService.decrypt(JcaCipherService.java:390)
	at org.apache.shiro.crypto.JcaCipherService.decrypt(JcaCipherService.java:382)
	at org.apache.shiro.mgt.AbstractRememberMeManager.decrypt(AbstractRememberMeManager.java:482)
	at org.apache.shiro.mgt.AbstractRememberMeManager.convertBytesToPrincipals(AbstractRememberMeManager.java:419)
	at org.apache.shiro.mgt.AbstractRememberMeManager.getRememberedPrincipals(AbstractRememberMeManager.java:386)
	at org.apache.shiro.mgt.DefaultSecurityManager.getRememberedIdentity(DefaultSecurityManager.java:604)
	at org.apache.shiro.mgt.DefaultSecurityManager.resolvePrincipals(DefaultSecurityManager.java:492)
	at org.apache.shiro.mgt.DefaultSecurityManager.createSubject(DefaultSecurityManager.java:342)
	at org.apache.shiro.subject.Subject$Builder.buildSubject(Subject.java:846)
	at org.apache.shiro.web.subject.WebSubject$Builder.buildWebSubject(WebSubject.java:148)
	at org.apache.shiro.web.servlet.AbstractShiroFilter.createSubject(AbstractShiroFilter.java:292)
	at org.apache.shiro.web.servlet.AbstractShiroFilter.doFilterInternal(AbstractShiroFilter.java:359)
	at org.apache.shiro.web.servlet.OncePerRequestFilter.doFilter(OncePerRequestFilter.java:125)
	at org.apache.catalina.core.ApplicationFilterChain.internalDoFilter(ApplicationFilterChain.java:193)
	at org.apache.catalina.core.ApplicationFilterChain.doFilter(ApplicationFilterChain.java:166)
	at org.springframework.web.filter.RequestContextFilter.doFilterInternal(RequestContextFilter.java:99)
	at org.springframework.web.filter.OncePerRequestFilter.doFilter(OncePerRequestFilter.java:107)
	at org.apache.catalina.core.ApplicationFilterChain.internalDoFilter(ApplicationFilterChain.java:193)
	at org.apache.catalina.core.ApplicationFilterChain.doFilter(ApplicationFilterChain.java:166)
	at org.springframework.web.filter.FormContentFilter.doFilterInternal(FormContentFilter.java:92)
	at org.springframework.web.filter.OncePerRequestFilter.doFilter(OncePerRequestFilter.java:107)
	at org.apache.catalina.core.ApplicationFilterChain.internalDoFilter(ApplicationFilterChain.java:193)
	at org.apache.catalina.core.ApplicationFilterChain.doFilter(ApplicationFilterChain.java:166)
	at org.springframework.web.filter.HiddenHttpMethodFilter.doFilterInternal(HiddenHttpMethodFilter.java:93)
	at org.springframework.web.filter.OncePerRequestFilter.doFilter(OncePerRequestFilter.java:107)
	at org.apache.catalina.core.ApplicationFilterChain.internalDoFilter(ApplicationFilterChain.java:193)
	at org.apache.catalina.core.ApplicationFilterChain.doFilter(ApplicationFilterChain.java:166)
	at org.springframework.web.filter.CharacterEncodingFilter.doFilterInternal(CharacterEncodingFilter.java:200)
	at org.springframework.web.filter.OncePerRequestFilter.doFilter(OncePerRequestFilter.java:107)
	at org.apache.catalina.core.ApplicationFilterChain.internalDoFilter(ApplicationFilterChain.java:193)
	at org.apache.catalina.core.ApplicationFilterChain.doFilter(ApplicationFilterChain.java:166)
	at org.apache.catalina.core.StandardWrapperValve.invoke(StandardWrapperValve.java:199)
	at org.apache.catalina.core.StandardContextValve.invoke(StandardContextValve.java:96)
	at org.apache.catalina.authenticator.AuthenticatorBase.invoke(AuthenticatorBase.java:490)
	at org.apache.catalina.core.StandardHostValve.invoke(StandardHostValve.java:139)
	at org.apache.catalina.valves.ErrorReportValve.invoke(ErrorReportValve.java:92)
	at org.apache.catalina.core.StandardEngineValve.invoke(StandardEngineValve.java:74)
	at org.apache.catalina.connector.CoyoteAdapter.service(CoyoteAdapter.java:343)
	at org.apache.coyote.http11.Http11Processor.service(Http11Processor.java:408)
	at org.apache.coyote.AbstractProcessorLight.process(AbstractProcessorLight.java:66)
	at org.apache.coyote.AbstractProtocol$ConnectionHandler.process(AbstractProtocol.java:791)
	at org.apache.tomcat.util.net.NioEndpoint$SocketProcessor.doRun(NioEndpoint.java:1417)
	at org.apache.tomcat.util.net.SocketProcessorBase.run(SocketProcessorBase.java:49)
	at java.util.concurrent.ThreadPoolExecutor.runWorker(ThreadPoolExecutor.java:1142)
	at java.util.concurrent.ThreadPoolExecutor$Worker.run(ThreadPoolExecutor.java:617)
	at org.apache.tomcat.util.threads.TaskThread$WrappingRunnable.run(TaskThread.java:61)
	at java.lang.Thread.run(Thread.java:745)
Caused by: javax.crypto.BadPaddingException: Given final block not properly padded
	at com.sun.crypto.provider.CipherCore.doFinal(CipherCore.java:966)
	at com.sun.crypto.provider.CipherCore.doFinal(CipherCore.java:824)
	at com.sun.crypto.provider.AESCipher.engineDoFinal(AESCipher.java:436)
	at javax.crypto.Cipher.doFinal(Cipher.java:2121)
	at org.apache.shiro.crypto.JcaCipherService.crypt(JcaCipherService.java:459)
	... 48 common frames omitted
2019/03/29 - 09:22:50 INFO  zyrs.xyz.obadmin.controller.LoginController- 登录用户:User{id=null, username='15520449931', password='188632', level=null, rememberMe='on', logo='', obId=null, selectedMenuId=0}
2019/03/29 - 09:22:50 INFO  com.zaxxer.hikari.HikariDataSource- HikariPool-1 - Starting...
2019/03/29 - 09:22:50 INFO  com.zaxxer.hikari.HikariDataSource- HikariPool-1 - Start completed.
2019/03/29 - 09:22:50 DEBUG zyrs.xyz.obadmin.mapper.UserMapper.getUserByUsername- ==>  Preparing: select id,username,password,level ,prev_oid ob_id from tbl_user where username = ? 
2019/03/29 - 09:22:50 DEBUG zyrs.xyz.obadmin.mapper.UserMapper.getUserByUsername- ==> Parameters: 15520449931(String)
2019/03/29 - 09:22:50 DEBUG zyrs.xyz.obadmin.mapper.UserMapper.getUserByUsername- <==      Total: 1
2019/03/29 - 09:22:50 INFO  zyrs.xyz.obadmin.controller.LoginController- 15520449931_登录成功_
2019/03/29 - 09:22:50 DEBUG zyrs.xyz.obadmin.mapper.UserMapper.getUserByUsername- ==>  Preparing: select id,username,password,level ,prev_oid ob_id from tbl_user where username = ? 
2019/03/29 - 09:22:50 DEBUG zyrs.xyz.obadmin.mapper.UserMapper.getUserByUsername- ==> Parameters: 15520449931(String)
2019/03/29 - 09:22:50 DEBUG zyrs.xyz.obadmin.mapper.UserMapper.getUserByUsername- <==      Total: 1
2019/03/29 - 09:22:50 DEBUG zyrs.xyz.obadmin.mapper.UserMapper.getUserByUsername- ==>  Preparing: select id,username,password,level ,prev_oid ob_id from tbl_user where username = ? 
2019/03/29 - 09:22:50 DEBUG zyrs.xyz.obadmin.mapper.UserMapper.getUserByUsername- ==> Parameters: 15520449931(String)
2019/03/29 - 09:22:50 DEBUG zyrs.xyz.obadmin.mapper.UserMapper.getUserByUsername- <==      Total: 1
2019/03/29 - 09:22:51 INFO  io.lettuce.core.EpollProvider- Starting without optional epoll library
2019/03/29 - 09:22:51 INFO  io.lettuce.core.KqueueProvider- Starting without optional kqueue library
2019/03/29 - 09:22:51 DEBUG zyrs.xyz.obadmin.mapper.ObMapper.getMenu- ==>  Preparing: select m.id,m.name,m.menu_logo,m.menu_type,m.level,ms.id ms_id,ms.name ms_name,ms.url ms_url,ms.menu_type ms_type,ms.menu_parent from tbl_menu m left join tbl_menu_second ms on m.id = ms.menu_parent order by m.level asc; 
2019/03/29 - 09:22:51 DEBUG zyrs.xyz.obadmin.mapper.ObMapper.getMenu- ==> Parameters: 
2019/03/29 - 09:22:51 DEBUG zyrs.xyz.obadmin.mapper.ObMapper.getMenu- <==      Total: 17
2019/03/29 - 09:22:53 DEBUG zyrs.xyz.obadmin.mapper.ObMapper.getMenu- ==>  Preparing: select m.id,m.name,m.menu_logo,m.menu_type,m.level,ms.id ms_id,ms.name ms_name,ms.url ms_url,ms.menu_type ms_type,ms.menu_parent from tbl_menu m left join tbl_menu_second ms on m.id = ms.menu_parent order by m.level asc; 
2019/03/29 - 09:22:53 DEBUG zyrs.xyz.obadmin.mapper.ObMapper.getMenu- ==> Parameters: 
2019/03/29 - 09:22:53 DEBUG zyrs.xyz.obadmin.mapper.ObMapper.getMenu- <==      Total: 17
2019/03/29 - 09:22:54 DEBUG zyrs.xyz.obadmin.mapper.ObMapper.getMenuProjectsList- ==>  Preparing: select m.id,m.name,mp.id mp_id,o.name o_name,o.logo o_logo from tbl_menu_project as mp right join tbl_menu_second as m on mp.mid=m.id left join tbl_object as o on mp.oid = o.id where m.menu_type <> 1 order by id asc 
2019/03/29 - 09:22:54 DEBUG zyrs.xyz.obadmin.mapper.ObMapper.getMenuProjectsList- ==> Parameters: 
2019/03/29 - 09:22:54 DEBUG zyrs.xyz.obadmin.mapper.ObMapper.getMenuProjectsList- <==      Total: 13
2019/03/29 - 09:22:55 DEBUG zyrs.xyz.obadmin.mapper.ObMapper.flush_project_status- ==>  Preparing: update tbl_object set status = 1 where NOW() < hold_date; update tbl_object set status = 2 where NOW() > hold_date; update tbl_object set status = 3 where NOW() > DATE_ADD(hold_date,INTERVAL 1 MONTH); 
2019/03/29 - 09:22:55 DEBUG zyrs.xyz.obadmin.mapper.ObMapper.flush_project_status- ==> Parameters: 
2019/03/29 - 09:22:56 DEBUG zyrs.xyz.obadmin.mapper.ObMapper.flush_project_status- <==    Updates: 1
2019/03/29 - 09:22:56 DEBUG zyrs.xyz.obadmin.mapper.ObMapper.get_all_project_list- ==>  Preparing: select * from tbl_object order by status asc,user_id asc 
2019/03/29 - 09:22:56 DEBUG zyrs.xyz.obadmin.mapper.ObMapper.get_all_project_list- ==> Parameters: 
2019/03/29 - 09:22:56 DEBUG zyrs.xyz.obadmin.mapper.ObMapper.get_all_project_list- <==      Total: 1
2019/03/29 - 09:22:59 DEBUG zyrs.xyz.obadmin.mapper.UserMapper.get_all_user_list- ==>  Preparing: select id,username,password,level from tbl_user where level <> 1 
2019/03/29 - 09:22:59 DEBUG zyrs.xyz.obadmin.mapper.UserMapper.get_all_user_list- ==> Parameters: 
2019/03/29 - 09:22:59 DEBUG zyrs.xyz.obadmin.mapper.UserMapper.get_all_user_list- <==      Total: 1
2019/03/29 - 09:23:00 DEBUG zyrs.xyz.obadmin.mapper.ObMapper.getObInfoByUserId- ==>  Preparing: select id,name,logo,owner from tbl_object where user_id = ? 
2019/03/29 - 09:23:00 DEBUG zyrs.xyz.obadmin.mapper.ObMapper.getObInfoByUserId- ==> Parameters: 12(Integer)
2019/03/29 - 09:23:00 DEBUG zyrs.xyz.obadmin.mapper.ObMapper.getObInfoByUserId- <==      Total: 1
2019/03/29 - 09:23:00 DEBUG zyrs.xyz.obadmin.mapper.ObMapper.getObInfoById- ==>  Preparing: select id,logo,name,hold_date from tbl_object where id = ? 
2019/03/29 - 09:23:00 DEBUG zyrs.xyz.obadmin.mapper.ObMapper.getObInfoById- ==> Parameters: 1(Integer)
2019/03/29 - 09:23:00 DEBUG zyrs.xyz.obadmin.mapper.ObMapper.getObInfoById- <==      Total: 1
2019/03/29 - 09:23:00 DEBUG zyrs.xyz.obadmin.mapper.ObMapper.getMenuByObId- ==>  Preparing: select m.id,m.name,m.menu_logo,m.menu_type,m.level,ms.id ms_id,ms.name ms_name,ms.url ms_url,ms.menu_type ms_type,ms.menu_parent from tbl_menu m left join tbl_menu_second ms on m.id = ms.menu_parent left join tbl_menu_project mp on ms.id = mp.mid where mp.oid = ? order by m.level asc, m.id asc, ms.id asc; 
2019/03/29 - 09:23:00 DEBUG zyrs.xyz.obadmin.mapper.ObMapper.getMenuByObId- ==> Parameters: 1(Integer)
2019/03/29 - 09:23:00 DEBUG zyrs.xyz.obadmin.mapper.ObMapper.getMenuByObId- <==      Total: 12
2019/03/29 - 09:23:00 DEBUG zyrs.xyz.obadmin.mapper.WxappMapper.getWxappInfoByObId- ==>  Preparing: select id,appid,secret,gzappid,gzsecret,ob_id,status from tbl_wxapp where ob_id = ? 
2019/03/29 - 09:23:00 DEBUG zyrs.xyz.obadmin.mapper.WxappMapper.getWxappInfoByObId- ==> Parameters: 1(Integer)
2019/03/29 - 09:23:00 DEBUG zyrs.xyz.obadmin.mapper.WxappMapper.getWxappInfoByObId- <==      Total: 1
2019/03/29 - 09:23:04 DEBUG zyrs.xyz.obadmin.mapper.UserMapper.get_all_user_list- ==>  Preparing: select id,username,password,level from tbl_user where level <> 1 
2019/03/29 - 09:23:04 DEBUG zyrs.xyz.obadmin.mapper.UserMapper.get_all_user_list- ==> Parameters: 
2019/03/29 - 09:23:04 DEBUG zyrs.xyz.obadmin.mapper.UserMapper.get_all_user_list- <==      Total: 1
2019/03/29 - 09:25:10 DEBUG zyrs.xyz.obadmin.mapper.UserMapper.get_all_user_list- ==>  Preparing: select id,username,password,level from tbl_user where level <> 1 
2019/03/29 - 09:25:10 DEBUG zyrs.xyz.obadmin.mapper.UserMapper.get_all_user_list- ==> Parameters: 
2019/03/29 - 09:25:10 DEBUG zyrs.xyz.obadmin.mapper.UserMapper.get_all_user_list- <==      Total: 1
2019/03/29 - 09:25:12 DEBUG zyrs.xyz.obadmin.mapper.UserMapper.get_all_user_list- ==>  Preparing: select id,username,password,level from tbl_user where level <> 1 
2019/03/29 - 09:25:12 DEBUG zyrs.xyz.obadmin.mapper.UserMapper.get_all_user_list- ==> Parameters: 
2019/03/29 - 09:25:12 DEBUG zyrs.xyz.obadmin.mapper.UserMapper.get_all_user_list- <==      Total: 1
2019/03/29 - 09:25:13 DEBUG zyrs.xyz.obadmin.mapper.UserMapper.get_all_user_list- ==>  Preparing: select id,username,password,level from tbl_user where level <> 1 
2019/03/29 - 09:25:13 DEBUG zyrs.xyz.obadmin.mapper.UserMapper.get_all_user_list- ==> Parameters: 
2019/03/29 - 09:25:13 DEBUG zyrs.xyz.obadmin.mapper.UserMapper.get_all_user_list- <==      Total: 1
2019/03/29 - 09:25:14 DEBUG zyrs.xyz.obadmin.mapper.UserMapper.get_all_user_list- ==>  Preparing: select id,username,password,level from tbl_user where level <> 1 
2019/03/29 - 09:25:14 DEBUG zyrs.xyz.obadmin.mapper.UserMapper.get_all_user_list- ==> Parameters: 
2019/03/29 - 09:25:14 DEBUG zyrs.xyz.obadmin.mapper.UserMapper.get_all_user_list- <==      Total: 1
2019/03/29 - 09:25:41 DEBUG zyrs.xyz.obadmin.mapper.UserMapper.get_all_user_list- ==>  Preparing: select id,username,password,level from tbl_user where level <> 1 
2019/03/29 - 09:25:41 DEBUG zyrs.xyz.obadmin.mapper.UserMapper.get_all_user_list- ==> Parameters: 
2019/03/29 - 09:25:41 DEBUG zyrs.xyz.obadmin.mapper.UserMapper.get_all_user_list- <==      Total: 1
2019/03/29 - 09:25:49 INFO  zyrs.xyz.obadmin.controller.LoginController- 登录用户:User{id=null, username='test', password='123456', level=null, rememberMe='on', logo='', obId=null, selectedMenuId=0}
2019/03/29 - 09:25:49 DEBUG zyrs.xyz.obadmin.mapper.UserMapper.getUserByUsername- ==>  Preparing: select id,username,password,level ,prev_oid ob_id from tbl_user where username = ? 
2019/03/29 - 09:25:49 DEBUG zyrs.xyz.obadmin.mapper.UserMapper.getUserByUsername- ==> Parameters: test(String)
2019/03/29 - 09:25:49 DEBUG zyrs.xyz.obadmin.mapper.UserMapper.getUserByUsername- <==      Total: 1
2019/03/29 - 09:25:49 INFO  zyrs.xyz.obadmin.controller.LoginController- test_登录成功_
2019/03/29 - 09:25:49 DEBUG zyrs.xyz.obadmin.mapper.UserMapper.getUserByUsername- ==>  Preparing: select id,username,password,level ,prev_oid ob_id from tbl_user where username = ? 
2019/03/29 - 09:25:49 DEBUG zyrs.xyz.obadmin.mapper.UserMapper.getUserByUsername- ==> Parameters: test(String)
2019/03/29 - 09:25:49 DEBUG zyrs.xyz.obadmin.mapper.UserMapper.getUserByUsername- <==      Total: 1
2019/03/29 - 09:25:49 DEBUG zyrs.xyz.obadmin.mapper.ObMapper.getObInfoByUserId- ==>  Preparing: select id,name,logo,owner from tbl_object where user_id = ? 
2019/03/29 - 09:25:49 DEBUG zyrs.xyz.obadmin.mapper.ObMapper.getObInfoByUserId- ==> Parameters: 12(Integer)
2019/03/29 - 09:25:49 DEBUG zyrs.xyz.obadmin.mapper.ObMapper.getObInfoByUserId- <==      Total: 1
2019/03/29 - 09:25:49 DEBUG zyrs.xyz.obadmin.mapper.UserMapper.getUserByUsername- ==>  Preparing: select id,username,password,level ,prev_oid ob_id from tbl_user where username = ? 
2019/03/29 - 09:25:49 DEBUG zyrs.xyz.obadmin.mapper.UserMapper.getUserByUsername- ==> Parameters: test(String)
2019/03/29 - 09:25:49 DEBUG zyrs.xyz.obadmin.mapper.UserMapper.getUserByUsername- <==      Total: 1
2019/03/29 - 09:25:49 DEBUG zyrs.xyz.obadmin.mapper.ObMapper.getObInfoById- ==>  Preparing: select id,logo,name,hold_date from tbl_object where id = ? 
2019/03/29 - 09:25:49 DEBUG zyrs.xyz.obadmin.mapper.ObMapper.getObInfoById- ==> Parameters: 1(Integer)
2019/03/29 - 09:25:49 DEBUG zyrs.xyz.obadmin.mapper.ObMapper.getObInfoById- <==      Total: 1
2019/03/29 - 09:25:49 DEBUG zyrs.xyz.obadmin.mapper.ObMapper.getMenuByObId- ==>  Preparing: select m.id,m.name,m.menu_logo,m.menu_type,m.level,ms.id ms_id,ms.name ms_name,ms.url ms_url,ms.menu_type ms_type,ms.menu_parent from tbl_menu m left join tbl_menu_second ms on m.id = ms.menu_parent left join tbl_menu_project mp on ms.id = mp.mid where mp.oid = ? order by m.level asc, m.id asc, ms.id asc; 
2019/03/29 - 09:25:49 DEBUG zyrs.xyz.obadmin.mapper.ObMapper.getMenuByObId- ==> Parameters: 1(Integer)
2019/03/29 - 09:25:49 DEBUG zyrs.xyz.obadmin.mapper.ObMapper.getMenuByObId- <==      Total: 12
2019/03/29 - 09:25:49 DEBUG zyrs.xyz.obadmin.mapper.WxappMapper.getWxappInfoByObId- ==>  Preparing: select id,appid,secret,gzappid,gzsecret,ob_id,status from tbl_wxapp where ob_id = ? 
2019/03/29 - 09:25:49 DEBUG zyrs.xyz.obadmin.mapper.WxappMapper.getWxappInfoByObId- ==> Parameters: 1(Integer)
2019/03/29 - 09:25:49 DEBUG zyrs.xyz.obadmin.mapper.WxappMapper.getWxappInfoByObId- <==      Total: 1
2019/03/29 - 09:25:53 DEBUG zyrs.xyz.obadmin.mapper.WxappMapper.getWxappMerchantInfo- ==>  Preparing: select * from tbl_weixin_merchant where oid = ? 
2019/03/29 - 09:25:53 DEBUG zyrs.xyz.obadmin.mapper.WxappMapper.getWxappMerchantInfo- ==> Parameters: 1(Integer)
2019/03/29 - 09:25:53 DEBUG zyrs.xyz.obadmin.mapper.WxappMapper.getWxappMerchantInfo- <==      Total: 1
2019/03/29 - 09:26:42 DEBUG zyrs.xyz.obadmin.mapper.WxappMapper.getWxappMerchantInfo- ==>  Preparing: select * from tbl_weixin_merchant where oid = ? 
2019/03/29 - 09:26:42 DEBUG zyrs.xyz.obadmin.mapper.WxappMapper.getWxappMerchantInfo- ==> Parameters: 1(Integer)
2019/03/29 - 09:26:42 DEBUG zyrs.xyz.obadmin.mapper.WxappMapper.getWxappMerchantInfo- <==      Total: 1
2019/03/29 - 09:26:45 DEBUG zyrs.xyz.obadmin.mapper.VwxappMapper.getPatientList_COUNT- ==>  Preparing: SELECT count(0) FROM tbl_wxapp_member m, tbl_wxapp_member d WHERE m.oid = ? AND m.identity = 2 AND d.wxopenid = (SELECT c.doctor_wxopenid FROM tbl_z_v_member_consult c WHERE c.patient_wxopenid = m.wxopenid GROUP BY c.doctor_wxopenid ORDER BY COUNT(c.id) DESC LIMIT 1) AND (m.realname LIKE ? OR m.contact LIKE ? OR d.realname LIKE ?) 
2019/03/29 - 09:26:45 DEBUG zyrs.xyz.obadmin.mapper.VwxappMapper.getPatientList_COUNT- ==> Parameters: 1(Integer), %%(String), %%(String), %%(String)
2019/03/29 - 09:26:45 DEBUG zyrs.xyz.obadmin.mapper.VwxappMapper.getPatientList_COUNT- <==      Total: 1
2019/03/29 - 09:26:46 DEBUG zyrs.xyz.obadmin.mapper.VwxappMapper.getAllUserBaseInfo_COUNT- ==>  Preparing: SELECT count(0) FROM tbl_wxapp_member WHERE (nickname LIKE ? OR openid = ?) AND oid = ? 
2019/03/29 - 09:26:46 DEBUG zyrs.xyz.obadmin.mapper.VwxappMapper.getAllUserBaseInfo_COUNT- ==> Parameters: %%(String), (String), 1(Integer)
2019/03/29 - 09:26:46 DEBUG zyrs.xyz.obadmin.mapper.VwxappMapper.getAllUserBaseInfo_COUNT- <==      Total: 1
2019/03/29 - 09:26:48 DEBUG zyrs.xyz.obadmin.mapper.VwxappMapper.getDoctorList_COUNT- ==>  Preparing: SELECT count(0) FROM tbl_z_v_member_doctor d LEFT JOIN tbl_wxapp_member m ON d.wxopenid = m.wxopenid WHERE (realname LIKE ? OR hospital LIKE ? OR contact LIKE ?) AND m.oid = ? 
2019/03/29 - 09:26:48 DEBUG zyrs.xyz.obadmin.mapper.VwxappMapper.getDoctorList_COUNT- ==> Parameters: %%(String), %%(String), %%(String), 1(Integer)
2019/03/29 - 09:26:48 DEBUG zyrs.xyz.obadmin.mapper.VwxappMapper.getDoctorList_COUNT- <==      Total: 1
2019/03/29 - 09:26:49 DEBUG zyrs.xyz.obadmin.mapper.VwxappMapper.getConsultNewList_COUNT- ==>  Preparing: SELECT count(0) FROM tbl_z_v_member_consult c LEFT JOIN tbl_wxapp_member p ON c.patient_wxopenid = p.wxopenid WHERE c.deal_status = 1 
2019/03/29 - 09:26:49 DEBUG zyrs.xyz.obadmin.mapper.VwxappMapper.getConsultNewList_COUNT- ==> Parameters: 
2019/03/29 - 09:26:49 DEBUG zyrs.xyz.obadmin.mapper.VwxappMapper.getConsultNewList_COUNT- <==      Total: 1
2019/03/29 - 09:26:50 DEBUG zyrs.xyz.obadmin.mapper.VwxappMapper.getConsultOrderList_COUNT- ==>  Preparing: SELECT count(0) FROM tbl_z_v_member_consult c LEFT JOIN tbl_wxapp_member p ON c.patient_wxopenid = p.wxopenid LEFT JOIN tbl_wxapp_member d ON c.doctor_wxopenid = d.wxopenid LEFT JOIN tbl_z_v_member_doctor doc ON d.wxopenid = doc.wxopenid LEFT JOIN tbl_z_v_member_consult_log l ON c.id = l.consult_id WHERE (d.realname LIKE ? OR d.contact LIKE ? OR p.realname LIKE ? OR p.contact LIKE ?) AND c.deal_status = ? AND p.oid = ? 
2019/03/29 - 09:26:50 DEBUG zyrs.xyz.obadmin.mapper.VwxappMapper.getConsultOrderList_COUNT- ==> Parameters: %%(String), %%(String), %%(String), %%(String), 2(Integer), 1(Integer)
2019/03/29 - 09:26:50 DEBUG zyrs.xyz.obadmin.mapper.VwxappMapper.getConsultOrderList_COUNT- <==      Total: 1
2019/03/29 - 09:26:50 DEBUG zyrs.xyz.obadmin.mapper.VwxappMapper.getConsultOrderList_COUNT- ==>  Preparing: SELECT count(0) FROM tbl_z_v_member_consult c LEFT JOIN tbl_wxapp_member p ON c.patient_wxopenid = p.wxopenid LEFT JOIN tbl_wxapp_member d ON c.doctor_wxopenid = d.wxopenid LEFT JOIN tbl_z_v_member_doctor doc ON d.wxopenid = doc.wxopenid LEFT JOIN tbl_z_v_member_consult_log l ON c.id = l.consult_id WHERE (d.realname LIKE ? OR d.contact LIKE ? OR p.realname LIKE ? OR p.contact LIKE ?) AND c.deal_status = ? AND p.oid = ? 
2019/03/29 - 09:26:50 DEBUG zyrs.xyz.obadmin.mapper.VwxappMapper.getConsultOrderList_COUNT- ==> Parameters: %%(String), %%(String), %%(String), %%(String), 3(Integer), 1(Integer)
2019/03/29 - 09:26:50 DEBUG zyrs.xyz.obadmin.mapper.VwxappMapper.getConsultOrderList_COUNT- <==      Total: 1
2019/03/29 - 09:26:51 DEBUG zyrs.xyz.obadmin.mapper.VwxappMapper.getConsultOrderList_COUNT- ==>  Preparing: SELECT count(0) FROM tbl_z_v_member_consult c LEFT JOIN tbl_wxapp_member p ON c.patient_wxopenid = p.wxopenid LEFT JOIN tbl_wxapp_member d ON c.doctor_wxopenid = d.wxopenid LEFT JOIN tbl_z_v_member_doctor doc ON d.wxopenid = doc.wxopenid LEFT JOIN tbl_z_v_member_consult_log l ON c.id = l.consult_id WHERE (d.realname LIKE ? OR d.contact LIKE ? OR p.realname LIKE ? OR p.contact LIKE ?) AND c.deal_status = ? AND p.oid = ? 
2019/03/29 - 09:26:51 DEBUG zyrs.xyz.obadmin.mapper.VwxappMapper.getConsultOrderList_COUNT- ==> Parameters: %%(String), %%(String), %%(String), %%(String), 4(Integer), 1(Integer)
2019/03/29 - 09:26:51 DEBUG zyrs.xyz.obadmin.mapper.VwxappMapper.getConsultOrderList_COUNT- <==      Total: 1
2019/03/29 - 09:26:52 DEBUG zyrs.xyz.obadmin.mapper.VwxappMapper.getDoctorList- ==>  Preparing: select d.id,m.realavatars,m.realname,m.birthday,m.gender,m.contact,d.hospital,d.good_field,d.level,d.isaudit,d.wxopenid from tbl_z_v_member_doctor d LEFT join tbl_wxapp_member m on d.wxopenid = m.wxopenid where (realname like ? or hospital like ? or contact like ?) and m.oid = ? order by id desc 
2019/03/29 - 09:26:52 DEBUG zyrs.xyz.obadmin.mapper.VwxappMapper.getDoctorList- ==> Parameters: %%(String), %%(String), %%(String), 1(Integer)
2019/03/29 - 09:26:52 DEBUG zyrs.xyz.obadmin.mapper.VwxappMapper.getDoctorList- <==      Total: 0
2019/03/29 - 09:26:54 ERROR org.apache.catalina.core.ContainerBase.[Tomcat].[localhost].[/].[dispatcherServlet]- Servlet.service() for servlet [dispatcherServlet] threw exception
org.apache.ibatis.binding.BindingException: Invalid bound statement (not found): zyrs.xyz.obadmin.mapper.VwxappMapper.getUserOrder
	at org.apache.ibatis.binding.MapperMethod$SqlCommand.<init>(MapperMethod.java:214)
	at org.apache.ibatis.binding.MapperMethod.<init>(MapperMethod.java:48)
	at org.apache.ibatis.binding.MapperProxy.cachedMapperMethod(MapperProxy.java:59)
	at org.apache.ibatis.binding.MapperProxy.invoke(MapperProxy.java:52)
	at com.sun.proxy.$Proxy77.getUserOrder(Unknown Source)
	at zyrs.xyz.obadmin.service.VwxappService.getUserOrder(VwxappService.java:281)
	at zyrs.xyz.obadmin.service.VwxappService$$FastClassBySpringCGLIB$$1d5f117d.invoke(<generated>)
	at org.springframework.cglib.proxy.MethodProxy.invoke(MethodProxy.java:218)
	at org.springframework.aop.framework.CglibAopProxy$DynamicAdvisedInterceptor.intercept(CglibAopProxy.java:684)
	at zyrs.xyz.obadmin.service.VwxappService$$EnhancerBySpringCGLIB$$4be1aeb8.getUserOrder(<generated>)
	at zyrs.xyz.obadmin.controller.VwxappController.patientRecharge(VwxappController.java:224)
	at sun.reflect.NativeMethodAccessorImpl.invoke0(Native Method)
	at sun.reflect.NativeMethodAccessorImpl.invoke(NativeMethodAccessorImpl.java:62)
	at sun.reflect.DelegatingMethodAccessorImpl.invoke(DelegatingMethodAccessorImpl.java:43)
	at java.lang.reflect.Method.invoke(Method.java:483)
	at org.springframework.web.method.support.InvocableHandlerMethod.doInvoke(InvocableHandlerMethod.java:189)
	at org.springframework.web.method.support.InvocableHandlerMethod.invokeForRequest(InvocableHandlerMethod.java:138)
	at org.springframework.web.servlet.mvc.method.annotation.ServletInvocableHandlerMethod.invokeAndHandle(ServletInvocableHandlerMethod.java:102)
	at org.springframework.web.servlet.mvc.method.annotation.RequestMappingHandlerAdapter.invokeHandlerMethod(RequestMappingHandlerAdapter.java:895)
	at org.springframework.web.servlet.mvc.method.annotation.RequestMappingHandlerAdapter.handleInternal(RequestMappingHandlerAdapter.java:800)
	at org.springframework.web.servlet.mvc.method.AbstractHandlerMethodAdapter.handle(AbstractHandlerMethodAdapter.java:87)
	at org.springframework.web.servlet.DispatcherServlet.doDispatch(DispatcherServlet.java:1038)
	at org.springframework.web.servlet.DispatcherServlet.doService(DispatcherServlet.java:942)
	at org.springframework.web.servlet.FrameworkServlet.processRequest(FrameworkServlet.java:1005)
	at org.springframework.web.servlet.FrameworkServlet.doGet(FrameworkServlet.java:897)
	at javax.servlet.http.HttpServlet.service(HttpServlet.java:634)
	at org.springframework.web.servlet.FrameworkServlet.service(FrameworkServlet.java:882)
	at javax.servlet.http.HttpServlet.service(HttpServlet.java:741)
	at org.apache.catalina.core.ApplicationFilterChain.internalDoFilter(ApplicationFilterChain.java:231)
	at org.apache.catalina.core.ApplicationFilterChain.doFilter(ApplicationFilterChain.java:166)
	at org.apache.tomcat.websocket.server.WsFilter.doFilter(WsFilter.java:53)
	at org.apache.catalina.core.ApplicationFilterChain.internalDoFilter(ApplicationFilterChain.java:193)
	at org.apache.catalina.core.ApplicationFilterChain.doFilter(ApplicationFilterChain.java:166)
	at org.apache.catalina.core.ApplicationDispatcher.invoke(ApplicationDispatcher.java:712)
	at org.apache.catalina.core.ApplicationDispatcher.processRequest(ApplicationDispatcher.java:459)
	at org.apache.catalina.core.ApplicationDispatcher.doForward(ApplicationDispatcher.java:384)
	at org.apache.catalina.core.ApplicationDispatcher.forward(ApplicationDispatcher.java:312)
	at org.springframework.web.servlet.view.InternalResourceView.renderMergedOutputModel(InternalResourceView.java:170)
	at org.springframework.web.servlet.view.AbstractView.render(AbstractView.java:316)
	at org.springframework.web.servlet.DispatcherServlet.render(DispatcherServlet.java:1370)
	at org.springframework.web.servlet.DispatcherServlet.processDispatchResult(DispatcherServlet.java:1116)
	at org.springframework.web.servlet.DispatcherServlet.doDispatch(DispatcherServlet.java:1055)
	at org.springframework.web.servlet.DispatcherServlet.doService(DispatcherServlet.java:942)
	at org.springframework.web.servlet.FrameworkServlet.processRequest(FrameworkServlet.java:1005)
	at org.springframework.web.servlet.FrameworkServlet.doGet(FrameworkServlet.java:897)
	at javax.servlet.http.HttpServlet.service(HttpServlet.java:634)
	at org.springframework.web.servlet.FrameworkServlet.service(FrameworkServlet.java:882)
	at javax.servlet.http.HttpServlet.service(HttpServlet.java:741)
	at org.apache.catalina.core.ApplicationFilterChain.internalDoFilter(ApplicationFilterChain.java:231)
	at org.apache.catalina.core.ApplicationFilterChain.doFilter(ApplicationFilterChain.java:166)
	at org.apache.tomcat.websocket.server.WsFilter.doFilter(WsFilter.java:53)
	at org.apache.catalina.core.ApplicationFilterChain.internalDoFilter(ApplicationFilterChain.java:193)
	at org.apache.catalina.core.ApplicationFilterChain.doFilter(ApplicationFilterChain.java:166)
	at org.apache.shiro.web.servlet.ProxiedFilterChain.doFilter(ProxiedFilterChain.java:61)
	at org.apache.shiro.web.servlet.AdviceFilter.executeChain(AdviceFilter.java:108)
	at org.apache.shiro.web.servlet.AdviceFilter.doFilterInternal(AdviceFilter.java:137)
	at org.apache.shiro.web.servlet.OncePerRequestFilter.doFilter(OncePerRequestFilter.java:125)
	at org.apache.shiro.web.servlet.ProxiedFilterChain.doFilter(ProxiedFilterChain.java:66)
	at org.apache.shiro.web.servlet.AbstractShiroFilter.executeChain(AbstractShiroFilter.java:449)
	at org.apache.shiro.web.servlet.AbstractShiroFilter$1.call(AbstractShiroFilter.java:365)
	at org.apache.shiro.subject.support.SubjectCallable.doCall(SubjectCallable.java:90)
	at org.apache.shiro.subject.support.SubjectCallable.call(SubjectCallable.java:83)
	at org.apache.shiro.subject.support.DelegatingSubject.execute(DelegatingSubject.java:383)
	at org.apache.shiro.web.servlet.AbstractShiroFilter.doFilterInternal(AbstractShiroFilter.java:362)
	at org.apache.shiro.web.servlet.OncePerRequestFilter.doFilter(OncePerRequestFilter.java:125)
	at org.apache.catalina.core.ApplicationFilterChain.internalDoFilter(ApplicationFilterChain.java:193)
	at org.apache.catalina.core.ApplicationFilterChain.doFilter(ApplicationFilterChain.java:166)
	at org.springframework.web.filter.RequestContextFilter.doFilterInternal(RequestContextFilter.java:99)
	at org.springframework.web.filter.OncePerRequestFilter.doFilter(OncePerRequestFilter.java:107)
	at org.apache.catalina.core.ApplicationFilterChain.internalDoFilter(ApplicationFilterChain.java:193)
	at org.apache.catalina.core.ApplicationFilterChain.doFilter(ApplicationFilterChain.java:166)
	at org.springframework.web.filter.FormContentFilter.doFilterInternal(FormContentFilter.java:92)
	at org.springframework.web.filter.OncePerRequestFilter.doFilter(OncePerRequestFilter.java:107)
	at org.apache.catalina.core.ApplicationFilterChain.internalDoFilter(ApplicationFilterChain.java:193)
	at org.apache.catalina.core.ApplicationFilterChain.doFilter(ApplicationFilterChain.java:166)
	at org.springframework.web.filter.HiddenHttpMethodFilter.doFilterInternal(HiddenHttpMethodFilter.java:93)
	at org.springframework.web.filter.OncePerRequestFilter.doFilter(OncePerRequestFilter.java:107)
	at org.apache.catalina.core.ApplicationFilterChain.internalDoFilter(ApplicationFilterChain.java:193)
	at org.apache.catalina.core.ApplicationFilterChain.doFilter(ApplicationFilterChain.java:166)
	at org.springframework.web.filter.CharacterEncodingFilter.doFilterInternal(CharacterEncodingFilter.java:200)
	at org.springframework.web.filter.OncePerRequestFilter.doFilter(OncePerRequestFilter.java:107)
	at org.apache.catalina.core.ApplicationFilterChain.internalDoFilter(ApplicationFilterChain.java:193)
	at org.apache.catalina.core.ApplicationFilterChain.doFilter(ApplicationFilterChain.java:166)
	at org.apache.catalina.core.StandardWrapperValve.invoke(StandardWrapperValve.java:199)
	at org.apache.catalina.core.StandardContextValve.invoke(StandardContextValve.java:96)
	at org.apache.catalina.authenticator.AuthenticatorBase.invoke(AuthenticatorBase.java:490)
	at org.apache.catalina.core.StandardHostValve.invoke(StandardHostValve.java:139)
	at org.apache.catalina.valves.ErrorReportValve.invoke(ErrorReportValve.java:92)
	at org.apache.catalina.core.StandardEngineValve.invoke(StandardEngineValve.java:74)
	at org.apache.catalina.connector.CoyoteAdapter.service(CoyoteAdapter.java:343)
	at org.apache.coyote.http11.Http11Processor.service(Http11Processor.java:408)
	at org.apache.coyote.AbstractProcessorLight.process(AbstractProcessorLight.java:66)
	at org.apache.coyote.AbstractProtocol$ConnectionHandler.process(AbstractProtocol.java:791)
	at org.apache.tomcat.util.net.NioEndpoint$SocketProcessor.doRun(NioEndpoint.java:1417)
	at org.apache.tomcat.util.net.SocketProcessorBase.run(SocketProcessorBase.java:49)
	at java.util.concurrent.ThreadPoolExecutor.runWorker(ThreadPoolExecutor.java:1142)
	at java.util.concurrent.ThreadPoolExecutor$Worker.run(ThreadPoolExecutor.java:617)
	at org.apache.tomcat.util.threads.TaskThread$WrappingRunnable.run(TaskThread.java:61)
	at java.lang.Thread.run(Thread.java:745)
2019/03/29 - 09:26:54 ERROR org.apache.catalina.core.ContainerBase.[Tomcat].[localhost].[/].[dispatcherServlet]- Servlet.service() for servlet [dispatcherServlet] in context with path [] threw exception [Request processing failed; nested exception is org.apache.ibatis.binding.BindingException: Invalid bound statement (not found): zyrs.xyz.obadmin.mapper.VwxappMapper.getUserOrder] with root cause
org.apache.ibatis.binding.BindingException: Invalid bound statement (not found): zyrs.xyz.obadmin.mapper.VwxappMapper.getUserOrder
	at org.apache.ibatis.binding.MapperMethod$SqlCommand.<init>(MapperMethod.java:214)
	at org.apache.ibatis.binding.MapperMethod.<init>(MapperMethod.java:48)
	at org.apache.ibatis.binding.MapperProxy.cachedMapperMethod(MapperProxy.java:59)
	at org.apache.ibatis.binding.MapperProxy.invoke(MapperProxy.java:52)
	at com.sun.proxy.$Proxy77.getUserOrder(Unknown Source)
	at zyrs.xyz.obadmin.service.VwxappService.getUserOrder(VwxappService.java:281)
	at zyrs.xyz.obadmin.service.VwxappService$$FastClassBySpringCGLIB$$1d5f117d.invoke(<generated>)
	at org.springframework.cglib.proxy.MethodProxy.invoke(MethodProxy.java:218)
	at org.springframework.aop.framework.CglibAopProxy$DynamicAdvisedInterceptor.intercept(CglibAopProxy.java:684)
	at zyrs.xyz.obadmin.service.VwxappService$$EnhancerBySpringCGLIB$$4be1aeb8.getUserOrder(<generated>)
	at zyrs.xyz.obadmin.controller.VwxappController.patientRecharge(VwxappController.java:224)
	at sun.reflect.NativeMethodAccessorImpl.invoke0(Native Method)
	at sun.reflect.NativeMethodAccessorImpl.invoke(NativeMethodAccessorImpl.java:62)
	at sun.reflect.DelegatingMethodAccessorImpl.invoke(DelegatingMethodAccessorImpl.java:43)
	at java.lang.reflect.Method.invoke(Method.java:483)
	at org.springframework.web.method.support.InvocableHandlerMethod.doInvoke(InvocableHandlerMethod.java:189)
	at org.springframework.web.method.support.InvocableHandlerMethod.invokeForRequest(InvocableHandlerMethod.java:138)
	at org.springframework.web.servlet.mvc.method.annotation.ServletInvocableHandlerMethod.invokeAndHandle(ServletInvocableHandlerMethod.java:102)
	at org.springframework.web.servlet.mvc.method.annotation.RequestMappingHandlerAdapter.invokeHandlerMethod(RequestMappingHandlerAdapter.java:895)
	at org.springframework.web.servlet.mvc.method.annotation.RequestMappingHandlerAdapter.handleInternal(RequestMappingHandlerAdapter.java:800)
	at org.springframework.web.servlet.mvc.method.AbstractHandlerMethodAdapter.handle(AbstractHandlerMethodAdapter.java:87)
	at org.springframework.web.servlet.DispatcherServlet.doDispatch(DispatcherServlet.java:1038)
	at org.springframework.web.servlet.DispatcherServlet.doService(DispatcherServlet.java:942)
	at org.springframework.web.servlet.FrameworkServlet.processRequest(FrameworkServlet.java:1005)
	at org.springframework.web.servlet.FrameworkServlet.doGet(FrameworkServlet.java:897)
	at javax.servlet.http.HttpServlet.service(HttpServlet.java:634)
	at org.springframework.web.servlet.FrameworkServlet.service(FrameworkServlet.java:882)
	at javax.servlet.http.HttpServlet.service(HttpServlet.java:741)
	at org.apache.catalina.core.ApplicationFilterChain.internalDoFilter(ApplicationFilterChain.java:231)
	at org.apache.catalina.core.ApplicationFilterChain.doFilter(ApplicationFilterChain.java:166)
	at org.apache.tomcat.websocket.server.WsFilter.doFilter(WsFilter.java:53)
	at org.apache.catalina.core.ApplicationFilterChain.internalDoFilter(ApplicationFilterChain.java:193)
	at org.apache.catalina.core.ApplicationFilterChain.doFilter(ApplicationFilterChain.java:166)
	at org.apache.catalina.core.ApplicationDispatcher.invoke(ApplicationDispatcher.java:712)
	at org.apache.catalina.core.ApplicationDispatcher.processRequest(ApplicationDispatcher.java:459)
	at org.apache.catalina.core.ApplicationDispatcher.doForward(ApplicationDispatcher.java:384)
	at org.apache.catalina.core.ApplicationDispatcher.forward(ApplicationDispatcher.java:312)
	at org.springframework.web.servlet.view.InternalResourceView.renderMergedOutputModel(InternalResourceView.java:170)
	at org.springframework.web.servlet.view.AbstractView.render(AbstractView.java:316)
	at org.springframework.web.servlet.DispatcherServlet.render(DispatcherServlet.java:1370)
	at org.springframework.web.servlet.DispatcherServlet.processDispatchResult(DispatcherServlet.java:1116)
	at org.springframework.web.servlet.DispatcherServlet.doDispatch(DispatcherServlet.java:1055)
	at org.springframework.web.servlet.DispatcherServlet.doService(DispatcherServlet.java:942)
	at org.springframework.web.servlet.FrameworkServlet.processRequest(FrameworkServlet.java:1005)
	at org.springframework.web.servlet.FrameworkServlet.doGet(FrameworkServlet.java:897)
	at javax.servlet.http.HttpServlet.service(HttpServlet.java:634)
	at org.springframework.web.servlet.FrameworkServlet.service(FrameworkServlet.java:882)
	at javax.servlet.http.HttpServlet.service(HttpServlet.java:741)
	at org.apache.catalina.core.ApplicationFilterChain.internalDoFilter(ApplicationFilterChain.java:231)
	at org.apache.catalina.core.ApplicationFilterChain.doFilter(ApplicationFilterChain.java:166)
	at org.apache.tomcat.websocket.server.WsFilter.doFilter(WsFilter.java:53)
	at org.apache.catalina.core.ApplicationFilterChain.internalDoFilter(ApplicationFilterChain.java:193)
	at org.apache.catalina.core.ApplicationFilterChain.doFilter(ApplicationFilterChain.java:166)
	at org.apache.shiro.web.servlet.ProxiedFilterChain.doFilter(ProxiedFilterChain.java:61)
	at org.apache.shiro.web.servlet.AdviceFilter.executeChain(AdviceFilter.java:108)
	at org.apache.shiro.web.servlet.AdviceFilter.doFilterInternal(AdviceFilter.java:137)
	at org.apache.shiro.web.servlet.OncePerRequestFilter.doFilter(OncePerRequestFilter.java:125)
	at org.apache.shiro.web.servlet.ProxiedFilterChain.doFilter(ProxiedFilterChain.java:66)
	at org.apache.shiro.web.servlet.AbstractShiroFilter.executeChain(AbstractShiroFilter.java:449)
	at org.apache.shiro.web.servlet.AbstractShiroFilter$1.call(AbstractShiroFilter.java:365)
	at org.apache.shiro.subject.support.SubjectCallable.doCall(SubjectCallable.java:90)
	at org.apache.shiro.subject.support.SubjectCallable.call(SubjectCallable.java:83)
	at org.apache.shiro.subject.support.DelegatingSubject.execute(DelegatingSubject.java:383)
	at org.apache.shiro.web.servlet.AbstractShiroFilter.doFilterInternal(AbstractShiroFilter.java:362)
	at org.apache.shiro.web.servlet.OncePerRequestFilter.doFilter(OncePerRequestFilter.java:125)
	at org.apache.catalina.core.ApplicationFilterChain.internalDoFilter(ApplicationFilterChain.java:193)
	at org.apache.catalina.core.ApplicationFilterChain.doFilter(ApplicationFilterChain.java:166)
	at org.springframework.web.filter.RequestContextFilter.doFilterInternal(RequestContextFilter.java:99)
	at org.springframework.web.filter.OncePerRequestFilter.doFilter(OncePerRequestFilter.java:107)
	at org.apache.catalina.core.ApplicationFilterChain.internalDoFilter(ApplicationFilterChain.java:193)
	at org.apache.catalina.core.ApplicationFilterChain.doFilter(ApplicationFilterChain.java:166)
	at org.springframework.web.filter.FormContentFilter.doFilterInternal(FormContentFilter.java:92)
	at org.springframework.web.filter.OncePerRequestFilter.doFilter(OncePerRequestFilter.java:107)
	at org.apache.catalina.core.ApplicationFilterChain.internalDoFilter(ApplicationFilterChain.java:193)
	at org.apache.catalina.core.ApplicationFilterChain.doFilter(ApplicationFilterChain.java:166)
	at org.springframework.web.filter.HiddenHttpMethodFilter.doFilterInternal(HiddenHttpMethodFilter.java:93)
	at org.springframework.web.filter.OncePerRequestFilter.doFilter(OncePerRequestFilter.java:107)
	at org.apache.catalina.core.ApplicationFilterChain.internalDoFilter(ApplicationFilterChain.java:193)
	at org.apache.catalina.core.ApplicationFilterChain.doFilter(ApplicationFilterChain.java:166)
	at org.springframework.web.filter.CharacterEncodingFilter.doFilterInternal(CharacterEncodingFilter.java:200)
	at org.springframework.web.filter.OncePerRequestFilter.doFilter(OncePerRequestFilter.java:107)
	at org.apache.catalina.core.ApplicationFilterChain.internalDoFilter(ApplicationFilterChain.java:193)
	at org.apache.catalina.core.ApplicationFilterChain.doFilter(ApplicationFilterChain.java:166)
	at org.apache.catalina.core.StandardWrapperValve.invoke(StandardWrapperValve.java:199)
	at org.apache.catalina.core.StandardContextValve.invoke(StandardContextValve.java:96)
	at org.apache.catalina.authenticator.AuthenticatorBase.invoke(AuthenticatorBase.java:490)
	at org.apache.catalina.core.StandardHostValve.invoke(StandardHostValve.java:139)
	at org.apache.catalina.valves.ErrorReportValve.invoke(ErrorReportValve.java:92)
	at org.apache.catalina.core.StandardEngineValve.invoke(StandardEngineValve.java:74)
	at org.apache.catalina.connector.CoyoteAdapter.service(CoyoteAdapter.java:343)
	at org.apache.coyote.http11.Http11Processor.service(Http11Processor.java:408)
	at org.apache.coyote.AbstractProcessorLight.process(AbstractProcessorLight.java:66)
	at org.apache.coyote.AbstractProtocol$ConnectionHandler.process(AbstractProtocol.java:791)
	at org.apache.tomcat.util.net.NioEndpoint$SocketProcessor.doRun(NioEndpoint.java:1417)
	at org.apache.tomcat.util.net.SocketProcessorBase.run(SocketProcessorBase.java:49)
	at java.util.concurrent.ThreadPoolExecutor.runWorker(ThreadPoolExecutor.java:1142)
	at java.util.concurrent.ThreadPoolExecutor$Worker.run(ThreadPoolExecutor.java:617)
	at org.apache.tomcat.util.threads.TaskThread$WrappingRunnable.run(TaskThread.java:61)
	at java.lang.Thread.run(Thread.java:745)
2019/03/29 - 09:27:03 DEBUG zyrs.xyz.obadmin.mapper.VwxappMapper.getDoctorList- ==>  Preparing: select d.id,m.realavatars,m.realname,m.birthday,m.gender,m.contact,d.hospital,d.good_field,d.level,d.isaudit,d.wxopenid from tbl_z_v_member_doctor d LEFT join tbl_wxapp_member m on d.wxopenid = m.wxopenid where (realname like ? or hospital like ? or contact like ?) and m.oid = ? order by id desc 
2019/03/29 - 09:27:03 DEBUG zyrs.xyz.obadmin.mapper.VwxappMapper.getDoctorList- ==> Parameters: %%(String), %%(String), %%(String), 1(Integer)
2019/03/29 - 09:27:03 DEBUG zyrs.xyz.obadmin.mapper.VwxappMapper.getDoctorList- <==      Total: 0
2019/03/29 - 09:29:36 INFO  zyrs.xyz.obadmin.ObAdminApplication- Starting ObAdminApplication on PC-20190227RWYD with PID 2748 (D:\A_A\ob-admin\target\classes started by Administrator in D:\A_A\ob-admin)
2019/03/29 - 09:29:36 INFO  zyrs.xyz.obadmin.ObAdminApplication- No active profile set, falling back to default profiles: default
2019/03/29 - 09:29:38 INFO  org.springframework.data.repository.config.RepositoryConfigurationDelegate- Multiple Spring Data modules found, entering strict repository configuration mode!
2019/03/29 - 09:29:38 INFO  org.springframework.data.repository.config.RepositoryConfigurationDelegate- Bootstrapping Spring Data repositories in DEFAULT mode.
2019/03/29 - 09:29:38 INFO  org.springframework.data.repository.config.RepositoryConfigurationDelegate- Finished Spring Data repository scanning in 26ms. Found 0 repository interfaces.
2019/03/29 - 09:29:39 INFO  org.springframework.context.support.PostProcessorRegistrationDelegate$BeanPostProcessorChecker- Bean 'shiroConfig' of type [zyrs.xyz.obadmin.config.ShiroConfig$$EnhancerBySpringCGLIB$$b4044c67] is not eligible for getting processed by all BeanPostProcessors (for example: not eligible for auto-proxying)
2019/03/29 - 09:29:39 INFO  org.springframework.context.support.PostProcessorRegistrationDelegate$BeanPostProcessorChecker- Bean 'redisConfig' of type [zyrs.xyz.obadmin.config.RedisConfig$$EnhancerBySpringCGLIB$$fed2d3b1] is not eligible for getting processed by all BeanPostProcessors (for example: not eligible for auto-proxying)
2019/03/29 - 09:29:39 INFO  org.springframework.context.support.PostProcessorRegistrationDelegate$BeanPostProcessorChecker- Bean 'org.springframework.transaction.annotation.ProxyTransactionManagementConfiguration' of type [org.springframework.transaction.annotation.ProxyTransactionManagementConfiguration$$EnhancerBySpringCGLIB$$1813e886] is not eligible for getting processed by all BeanPostProcessors (for example: not eligible for auto-proxying)
2019/03/29 - 09:29:39 INFO  org.springframework.context.support.PostProcessorRegistrationDelegate$BeanPostProcessorChecker- Bean 'hashedCredentialsMatcher' of type [org.apache.shiro.authc.credential.HashedCredentialsMatcher] is not eligible for getting processed by all BeanPostProcessors (for example: not eligible for auto-proxying)
2019/03/29 - 09:29:39 INFO  org.springframework.context.support.PostProcessorRegistrationDelegate$BeanPostProcessorChecker- Bean 'mybatis-org.mybatis.spring.boot.autoconfigure.MybatisProperties' of type [org.mybatis.spring.boot.autoconfigure.MybatisProperties] is not eligible for getting processed by all BeanPostProcessors (for example: not eligible for auto-proxying)
2019/03/29 - 09:29:39 INFO  org.springframework.context.support.PostProcessorRegistrationDelegate$BeanPostProcessorChecker- Bean 'pagehelperConfig' of type [zyrs.xyz.obadmin.config.PagehelperConfig$$EnhancerBySpringCGLIB$$8831fa81] is not eligible for getting processed by all BeanPostProcessors (for example: not eligible for auto-proxying)
2019/03/29 - 09:29:39 INFO  org.springframework.context.support.PostProcessorRegistrationDelegate$BeanPostProcessorChecker- Bean 'pageHelper' of type [com.github.pagehelper.PageHelper] is not eligible for getting processed by all BeanPostProcessors (for example: not eligible for auto-proxying)
2019/03/29 - 09:29:39 INFO  org.springframework.context.support.PostProcessorRegistrationDelegate$BeanPostProcessorChecker- Bean 'org.mybatis.spring.boot.autoconfigure.MybatisAutoConfiguration' of type [org.mybatis.spring.boot.autoconfigure.MybatisAutoConfiguration$$EnhancerBySpringCGLIB$$4ae839b6] is not eligible for getting processed by all BeanPostProcessors (for example: not eligible for auto-proxying)
2019/03/29 - 09:29:39 INFO  org.springframework.context.support.PostProcessorRegistrationDelegate$BeanPostProcessorChecker- Bean 'org.springframework.boot.autoconfigure.jdbc.DataSourceConfiguration$Hikari' of type [org.springframework.boot.autoconfigure.jdbc.DataSourceConfiguration$Hikari] is not eligible for getting processed by all BeanPostProcessors (for example: not eligible for auto-proxying)
2019/03/29 - 09:29:39 INFO  org.springframework.context.support.PostProcessorRegistrationDelegate$BeanPostProcessorChecker- Bean 'spring.datasource-org.springframework.boot.autoconfigure.jdbc.DataSourceProperties' of type [org.springframework.boot.autoconfigure.jdbc.DataSourceProperties] is not eligible for getting processed by all BeanPostProcessors (for example: not eligible for auto-proxying)
2019/03/29 - 09:29:39 INFO  org.springframework.context.support.PostProcessorRegistrationDelegate$BeanPostProcessorChecker- Bean 'dataSource' of type [com.zaxxer.hikari.HikariDataSource] is not eligible for getting processed by all BeanPostProcessors (for example: not eligible for auto-proxying)
2019/03/29 - 09:29:39 INFO  org.springframework.context.support.PostProcessorRegistrationDelegate$BeanPostProcessorChecker- Bean 'org.springframework.boot.autoconfigure.jdbc.DataSourceInitializerInvoker' of type [org.springframework.boot.autoconfigure.jdbc.DataSourceInitializerInvoker] is not eligible for getting processed by all BeanPostProcessors (for example: not eligible for auto-proxying)
2019/03/29 - 09:29:39 INFO  org.springframework.context.support.PostProcessorRegistrationDelegate$BeanPostProcessorChecker- Bean 'sqlSessionFactory' of type [org.apache.ibatis.session.defaults.DefaultSqlSessionFactory] is not eligible for getting processed by all BeanPostProcessors (for example: not eligible for auto-proxying)
2019/03/29 - 09:29:39 INFO  org.springframework.context.support.PostProcessorRegistrationDelegate$BeanPostProcessorChecker- Bean 'sqlSessionTemplate' of type [org.mybatis.spring.SqlSessionTemplate] is not eligible for getting processed by all BeanPostProcessors (for example: not eligible for auto-proxying)
2019/03/29 - 09:29:39 INFO  org.springframework.context.support.PostProcessorRegistrationDelegate$BeanPostProcessorChecker- Bean 'userMapper' of type [org.mybatis.spring.mapper.MapperFactoryBean] is not eligible for getting processed by all BeanPostProcessors (for example: not eligible for auto-proxying)
2019/03/29 - 09:29:39 INFO  org.springframework.context.support.PostProcessorRegistrationDelegate$BeanPostProcessorChecker- Bean 'userMapper' of type [com.sun.proxy.$Proxy57] is not eligible for getting processed by all BeanPostProcessors (for example: not eligible for auto-proxying)
2019/03/29 - 09:29:39 INFO  org.springframework.context.support.PostProcessorRegistrationDelegate$BeanPostProcessorChecker- Bean 'shiroRealm' of type [zyrs.xyz.obadmin.realm.ShiroRealm] is not eligible for getting processed by all BeanPostProcessors (for example: not eligible for auto-proxying)
2019/03/29 - 09:29:40 INFO  org.springframework.context.support.PostProcessorRegistrationDelegate$BeanPostProcessorChecker- Bean 'rememberMeCookie' of type [org.apache.shiro.web.servlet.SimpleCookie] is not eligible for getting processed by all BeanPostProcessors (for example: not eligible for auto-proxying)
2019/03/29 - 09:29:40 INFO  org.springframework.context.support.PostProcessorRegistrationDelegate$BeanPostProcessorChecker- Bean 'rememberMeManager' of type [org.apache.shiro.web.mgt.CookieRememberMeManager] is not eligible for getting processed by all BeanPostProcessors (for example: not eligible for auto-proxying)
2019/03/29 - 09:29:40 INFO  org.springframework.context.support.PostProcessorRegistrationDelegate$BeanPostProcessorChecker- Bean 'securityManager' of type [org.apache.shiro.web.mgt.DefaultWebSecurityManager] is not eligible for getting processed by all BeanPostProcessors (for example: not eligible for auto-proxying)
2019/03/29 - 09:29:41 INFO  org.springframework.boot.web.embedded.tomcat.TomcatWebServer- Tomcat initialized with port(s): 80 (http)
2019/03/29 - 09:29:41 INFO  org.apache.catalina.core.StandardService- Starting service [Tomcat]
2019/03/29 - 09:29:41 INFO  org.apache.catalina.core.StandardEngine- Starting Servlet Engine: Apache Tomcat/9.0.13
2019/03/29 - 09:29:41 INFO  org.apache.catalina.core.AprLifecycleListener- The APR based Apache Tomcat Native library which allows optimal performance in production environments was not found on the java.library.path: [E:\Programming Tools\JAVA\jdk\jre\bin;C:\Windows\Sun\Java\bin;C:\Windows\system32;C:\Windows;C:\Windows\system32;C:\Windows;C:\Windows\System32\Wbem;C:\Windows\System32\WindowsPowerShell\v1.0\;E:\Programming Tools\JAVA\jdk\bin;E:\Programming Tools\JAVA\jdk\jre\bin;;.]
2019/03/29 - 09:29:42 INFO  org.apache.catalina.core.ContainerBase.[Tomcat].[localhost].[/]- Initializing Spring embedded WebApplicationContext
2019/03/29 - 09:29:42 INFO  org.springframework.web.context.ContextLoader- Root WebApplicationContext: initialization completed in 5364 ms
2019/03/29 - 09:29:43 INFO  org.springframework.scheduling.concurrent.ThreadPoolTaskExecutor- Initializing ExecutorService 'applicationTaskExecutor'
2019/03/29 - 09:29:43 INFO  org.springframework.boot.web.embedded.tomcat.TomcatWebServer- Tomcat started on port(s): 80 (http) with context path ''
2019/03/29 - 09:29:43 INFO  zyrs.xyz.obadmin.ObAdminApplication- Started ObAdminApplication in 8.416 seconds (JVM running for 9.325)
2019/03/29 - 09:29:54 INFO  org.apache.catalina.core.ContainerBase.[Tomcat].[localhost].[/]- Initializing Spring DispatcherServlet 'dispatcherServlet'
2019/03/29 - 09:29:54 INFO  org.springframework.web.servlet.DispatcherServlet- Initializing Servlet 'dispatcherServlet'
2019/03/29 - 09:29:54 INFO  org.springframework.web.servlet.DispatcherServlet- Completed initialization in 11 ms
2019/03/29 - 09:29:54 WARN  org.apache.shiro.mgt.AbstractRememberMeManager- There was a failure while trying to retrieve remembered principals.  This could be due to a configuration problem or corrupted principals.  This could also be due to a recently changed encryption key, if you are using a shiro.ini file, this property would be 'securityManager.rememberMeManager.cipherKey' see: http://shiro.apache.org/web.html#Web-RememberMeServices. The remembered identity will be forgotten and not used for this request.
2019/03/29 - 09:29:54 WARN  org.apache.shiro.mgt.DefaultSecurityManager- Delegate RememberMeManager instance of type [org.apache.shiro.web.mgt.CookieRememberMeManager] threw an exception during getRememberedPrincipals().
org.apache.shiro.crypto.CryptoException: Unable to execute 'doFinal' with cipher instance [javax.crypto.Cipher@56fc5b56].
	at org.apache.shiro.crypto.JcaCipherService.crypt(JcaCipherService.java:462)
	at org.apache.shiro.crypto.JcaCipherService.crypt(JcaCipherService.java:445)
	at org.apache.shiro.crypto.JcaCipherService.decrypt(JcaCipherService.java:390)
	at org.apache.shiro.crypto.JcaCipherService.decrypt(JcaCipherService.java:382)
	at org.apache.shiro.mgt.AbstractRememberMeManager.decrypt(AbstractRememberMeManager.java:482)
	at org.apache.shiro.mgt.AbstractRememberMeManager.convertBytesToPrincipals(AbstractRememberMeManager.java:419)
	at org.apache.shiro.mgt.AbstractRememberMeManager.getRememberedPrincipals(AbstractRememberMeManager.java:386)
	at org.apache.shiro.mgt.DefaultSecurityManager.getRememberedIdentity(DefaultSecurityManager.java:604)
	at org.apache.shiro.mgt.DefaultSecurityManager.resolvePrincipals(DefaultSecurityManager.java:492)
	at org.apache.shiro.mgt.DefaultSecurityManager.createSubject(DefaultSecurityManager.java:342)
	at org.apache.shiro.subject.Subject$Builder.buildSubject(Subject.java:846)
	at org.apache.shiro.web.subject.WebSubject$Builder.buildWebSubject(WebSubject.java:148)
	at org.apache.shiro.web.servlet.AbstractShiroFilter.createSubject(AbstractShiroFilter.java:292)
	at org.apache.shiro.web.servlet.AbstractShiroFilter.doFilterInternal(AbstractShiroFilter.java:359)
	at org.apache.shiro.web.servlet.OncePerRequestFilter.doFilter(OncePerRequestFilter.java:125)
	at org.apache.catalina.core.ApplicationFilterChain.internalDoFilter(ApplicationFilterChain.java:193)
	at org.apache.catalina.core.ApplicationFilterChain.doFilter(ApplicationFilterChain.java:166)
	at org.springframework.web.filter.RequestContextFilter.doFilterInternal(RequestContextFilter.java:99)
	at org.springframework.web.filter.OncePerRequestFilter.doFilter(OncePerRequestFilter.java:107)
	at org.apache.catalina.core.ApplicationFilterChain.internalDoFilter(ApplicationFilterChain.java:193)
	at org.apache.catalina.core.ApplicationFilterChain.doFilter(ApplicationFilterChain.java:166)
	at org.springframework.web.filter.FormContentFilter.doFilterInternal(FormContentFilter.java:92)
	at org.springframework.web.filter.OncePerRequestFilter.doFilter(OncePerRequestFilter.java:107)
	at org.apache.catalina.core.ApplicationFilterChain.internalDoFilter(ApplicationFilterChain.java:193)
	at org.apache.catalina.core.ApplicationFilterChain.doFilter(ApplicationFilterChain.java:166)
	at org.springframework.web.filter.HiddenHttpMethodFilter.doFilterInternal(HiddenHttpMethodFilter.java:93)
	at org.springframework.web.filter.OncePerRequestFilter.doFilter(OncePerRequestFilter.java:107)
	at org.apache.catalina.core.ApplicationFilterChain.internalDoFilter(ApplicationFilterChain.java:193)
	at org.apache.catalina.core.ApplicationFilterChain.doFilter(ApplicationFilterChain.java:166)
	at org.springframework.web.filter.CharacterEncodingFilter.doFilterInternal(CharacterEncodingFilter.java:200)
	at org.springframework.web.filter.OncePerRequestFilter.doFilter(OncePerRequestFilter.java:107)
	at org.apache.catalina.core.ApplicationFilterChain.internalDoFilter(ApplicationFilterChain.java:193)
	at org.apache.catalina.core.ApplicationFilterChain.doFilter(ApplicationFilterChain.java:166)
	at org.apache.catalina.core.StandardWrapperValve.invoke(StandardWrapperValve.java:199)
	at org.apache.catalina.core.StandardContextValve.invoke(StandardContextValve.java:96)
	at org.apache.catalina.authenticator.AuthenticatorBase.invoke(AuthenticatorBase.java:490)
	at org.apache.catalina.core.StandardHostValve.invoke(StandardHostValve.java:139)
	at org.apache.catalina.valves.ErrorReportValve.invoke(ErrorReportValve.java:92)
	at org.apache.catalina.core.StandardEngineValve.invoke(StandardEngineValve.java:74)
	at org.apache.catalina.connector.CoyoteAdapter.service(CoyoteAdapter.java:343)
	at org.apache.coyote.http11.Http11Processor.service(Http11Processor.java:408)
	at org.apache.coyote.AbstractProcessorLight.process(AbstractProcessorLight.java:66)
	at org.apache.coyote.AbstractProtocol$ConnectionHandler.process(AbstractProtocol.java:791)
	at org.apache.tomcat.util.net.NioEndpoint$SocketProcessor.doRun(NioEndpoint.java:1417)
	at org.apache.tomcat.util.net.SocketProcessorBase.run(SocketProcessorBase.java:49)
	at java.util.concurrent.ThreadPoolExecutor.runWorker(ThreadPoolExecutor.java:1142)
	at java.util.concurrent.ThreadPoolExecutor$Worker.run(ThreadPoolExecutor.java:617)
	at org.apache.tomcat.util.threads.TaskThread$WrappingRunnable.run(TaskThread.java:61)
	at java.lang.Thread.run(Thread.java:745)
Caused by: javax.crypto.BadPaddingException: Given final block not properly padded
	at com.sun.crypto.provider.CipherCore.doFinal(CipherCore.java:966)
	at com.sun.crypto.provider.CipherCore.doFinal(CipherCore.java:824)
	at com.sun.crypto.provider.AESCipher.engineDoFinal(AESCipher.java:436)
	at javax.crypto.Cipher.doFinal(Cipher.java:2121)
	at org.apache.shiro.crypto.JcaCipherService.crypt(JcaCipherService.java:459)
	... 48 common frames omitted
2019/03/29 - 09:30:03 INFO  zyrs.xyz.obadmin.controller.LoginController- 登录用户:User{id=null, username='15520449931', password='123456', level=null, rememberMe='on', logo='', obId=null, selectedMenuId=0}
2019/03/29 - 09:30:03 INFO  com.zaxxer.hikari.HikariDataSource- HikariPool-1 - Starting...
2019/03/29 - 09:30:03 INFO  com.zaxxer.hikari.HikariDataSource- HikariPool-1 - Start completed.
2019/03/29 - 09:30:03 DEBUG zyrs.xyz.obadmin.mapper.UserMapper.getUserByUsername- ==>  Preparing: select id,username,password,level ,prev_oid ob_id from tbl_user where username = ? 
2019/03/29 - 09:30:03 DEBUG zyrs.xyz.obadmin.mapper.UserMapper.getUserByUsername- ==> Parameters: 15520449931(String)
2019/03/29 - 09:30:03 DEBUG zyrs.xyz.obadmin.mapper.UserMapper.getUserByUsername- <==      Total: 1
2019/03/29 - 09:30:03 INFO  zyrs.xyz.obadmin.controller.LoginController- 15520449931_登录成功_
2019/03/29 - 09:30:03 DEBUG zyrs.xyz.obadmin.mapper.UserMapper.getUserByUsername- ==>  Preparing: select id,username,password,level ,prev_oid ob_id from tbl_user where username = ? 
2019/03/29 - 09:30:03 DEBUG zyrs.xyz.obadmin.mapper.UserMapper.getUserByUsername- ==> Parameters: 15520449931(String)
2019/03/29 - 09:30:03 DEBUG zyrs.xyz.obadmin.mapper.UserMapper.getUserByUsername- <==      Total: 1
2019/03/29 - 09:30:03 DEBUG zyrs.xyz.obadmin.mapper.UserMapper.getUserByUsername- ==>  Preparing: select id,username,password,level ,prev_oid ob_id from tbl_user where username = ? 
2019/03/29 - 09:30:03 DEBUG zyrs.xyz.obadmin.mapper.UserMapper.getUserByUsername- ==> Parameters: 15520449931(String)
2019/03/29 - 09:30:03 DEBUG zyrs.xyz.obadmin.mapper.UserMapper.getUserByUsername- <==      Total: 1
2019/03/29 - 09:30:04 INFO  io.lettuce.core.EpollProvider- Starting without optional epoll library
2019/03/29 - 09:30:04 INFO  io.lettuce.core.KqueueProvider- Starting without optional kqueue library
2019/03/29 - 09:30:05 DEBUG zyrs.xyz.obadmin.mapper.ObMapper.getMenu- ==>  Preparing: select m.id,m.name,m.menu_logo,m.menu_type,m.level,ms.id ms_id,ms.name ms_name,ms.url ms_url,ms.menu_type ms_type,ms.menu_parent from tbl_menu m left join tbl_menu_second ms on m.id = ms.menu_parent order by m.level asc; 
2019/03/29 - 09:30:05 DEBUG zyrs.xyz.obadmin.mapper.ObMapper.getMenu- ==> Parameters: 
2019/03/29 - 09:30:05 DEBUG zyrs.xyz.obadmin.mapper.ObMapper.getMenu- <==      Total: 17
2019/03/29 - 09:30:06 DEBUG zyrs.xyz.obadmin.mapper.ObMapper.getMenuProjectsList- ==>  Preparing: select m.id,m.name,mp.id mp_id,o.name o_name,o.logo o_logo from tbl_menu_project as mp right join tbl_menu_second as m on mp.mid=m.id left join tbl_object as o on mp.oid = o.id where m.menu_type <> 1 order by id asc 
2019/03/29 - 09:30:06 DEBUG zyrs.xyz.obadmin.mapper.ObMapper.getMenuProjectsList- ==> Parameters: 
2019/03/29 - 09:30:06 DEBUG zyrs.xyz.obadmin.mapper.ObMapper.getMenuProjectsList- <==      Total: 13
2019/03/29 - 09:30:07 DEBUG zyrs.xyz.obadmin.mapper.ObMapper.flush_project_status- ==>  Preparing: update tbl_object set status = 1 where NOW() < hold_date; update tbl_object set status = 2 where NOW() > hold_date; update tbl_object set status = 3 where NOW() > DATE_ADD(hold_date,INTERVAL 1 MONTH); 
2019/03/29 - 09:30:07 DEBUG zyrs.xyz.obadmin.mapper.ObMapper.flush_project_status- ==> Parameters: 
2019/03/29 - 09:30:07 DEBUG zyrs.xyz.obadmin.mapper.ObMapper.flush_project_status- <==    Updates: 1
2019/03/29 - 09:30:07 DEBUG zyrs.xyz.obadmin.mapper.ObMapper.get_all_project_list- ==>  Preparing: select * from tbl_object order by status asc,user_id asc 
2019/03/29 - 09:30:07 DEBUG zyrs.xyz.obadmin.mapper.ObMapper.get_all_project_list- ==> Parameters: 
2019/03/29 - 09:30:07 DEBUG zyrs.xyz.obadmin.mapper.ObMapper.get_all_project_list- <==      Total: 1
2019/03/29 - 09:30:08 DEBUG zyrs.xyz.obadmin.mapper.UserMapper.get_all_user_list- ==>  Preparing: select id,username,password,level from tbl_user where level <> 1 
2019/03/29 - 09:30:08 DEBUG zyrs.xyz.obadmin.mapper.UserMapper.get_all_user_list- ==> Parameters: 
2019/03/29 - 09:30:08 DEBUG zyrs.xyz.obadmin.mapper.UserMapper.get_all_user_list- <==      Total: 1
2019/03/29 - 09:30:12 DEBUG zyrs.xyz.obadmin.mapper.ObMapper.getMenuProjectsList- ==>  Preparing: select m.id,m.name,mp.id mp_id,o.name o_name,o.logo o_logo from tbl_menu_project as mp right join tbl_menu_second as m on mp.mid=m.id left join tbl_object as o on mp.oid = o.id where m.menu_type <> 1 order by id asc 
2019/03/29 - 09:30:12 DEBUG zyrs.xyz.obadmin.mapper.ObMapper.getMenuProjectsList- ==> Parameters: 
2019/03/29 - 09:30:12 DEBUG zyrs.xyz.obadmin.mapper.ObMapper.getMenuProjectsList- <==      Total: 13
2019/03/29 - 09:30:18 DEBUG zyrs.xyz.obadmin.mapper.ObMapper.flush_project_status- ==>  Preparing: update tbl_object set status = 1 where NOW() < hold_date; update tbl_object set status = 2 where NOW() > hold_date; update tbl_object set status = 3 where NOW() > DATE_ADD(hold_date,INTERVAL 1 MONTH); 
2019/03/29 - 09:30:18 DEBUG zyrs.xyz.obadmin.mapper.ObMapper.flush_project_status- ==> Parameters: 
2019/03/29 - 09:30:18 DEBUG zyrs.xyz.obadmin.mapper.ObMapper.flush_project_status- <==    Updates: 1
2019/03/29 - 09:30:18 DEBUG zyrs.xyz.obadmin.mapper.ObMapper.get_all_project_list- ==>  Preparing: select * from tbl_object order by status asc,user_id asc 
2019/03/29 - 09:30:18 DEBUG zyrs.xyz.obadmin.mapper.ObMapper.get_all_project_list- ==> Parameters: 
2019/03/29 - 09:30:18 DEBUG zyrs.xyz.obadmin.mapper.ObMapper.get_all_project_list- <==      Total: 1
2019/03/29 - 09:30:20 DEBUG zyrs.xyz.obadmin.mapper.UserMapper.get_all_user_list- ==>  Preparing: select id,username,password,level from tbl_user where level <> 1 
2019/03/29 - 09:30:20 DEBUG zyrs.xyz.obadmin.mapper.UserMapper.get_all_user_list- ==> Parameters: 
2019/03/29 - 09:30:20 DEBUG zyrs.xyz.obadmin.mapper.UserMapper.get_all_user_list- <==      Total: 1
2019/03/29 - 09:30:21 DEBUG zyrs.xyz.obadmin.mapper.ObMapper.getMenuProjectsList- ==>  Preparing: select m.id,m.name,mp.id mp_id,o.name o_name,o.logo o_logo from tbl_menu_project as mp right join tbl_menu_second as m on mp.mid=m.id left join tbl_object as o on mp.oid = o.id where m.menu_type <> 1 order by id asc 
2019/03/29 - 09:30:21 DEBUG zyrs.xyz.obadmin.mapper.ObMapper.getMenuProjectsList- ==> Parameters: 
2019/03/29 - 09:30:22 DEBUG zyrs.xyz.obadmin.mapper.ObMapper.getMenuProjectsList- <==      Total: 13
2019/03/29 - 09:30:23 DEBUG zyrs.xyz.obadmin.mapper.ObMapper.getMenu- ==>  Preparing: select m.id,m.name,m.menu_logo,m.menu_type,m.level,ms.id ms_id,ms.name ms_name,ms.url ms_url,ms.menu_type ms_type,ms.menu_parent from tbl_menu m left join tbl_menu_second ms on m.id = ms.menu_parent order by m.level asc; 
2019/03/29 - 09:30:23 DEBUG zyrs.xyz.obadmin.mapper.ObMapper.getMenu- ==> Parameters: 
2019/03/29 - 09:30:23 DEBUG zyrs.xyz.obadmin.mapper.ObMapper.getMenu- <==      Total: 17
